2023-07-12 15:15:59,187 [Worker-5: Loading available Gradle versions] INFO  o.e.b.c.i.u.g.PublishedGradleVersions - Gradle version information cache is out-of-date. Trying to update.
2023-07-12 15:22:25,815 [Worker-6: Import Getting Started Content] INFO  o.e.m.c.i.l.LifecycleMappingFactory - Using org.maven.ide.eclipse.wtp.WarLifecycleMapping lifecycle mapping for MavenProject: com.exampleaxsos.helloman:helloman:0.0.1-SNAPSHOT @ C:\Users\rzkrh\Documents\workspace-spring-tool-suite-4-4.16.1.RELEASE\demo\pom.xml.
2023-07-12 15:22:30,342 [Worker-6: Import Getting Started Content] INFO  o.e.m.j.i.AbstractJavaProjectConfigurator - Adding source folder /demo/src/main/java
2023-07-12 15:22:30,343 [Worker-6: Import Getting Started Content] INFO  o.e.m.j.i.AbstractJavaProjectConfigurator - Adding resource folder /demo/src/main/resources
2023-07-12 15:22:30,351 [Worker-6: Import Getting Started Content] INFO  o.e.m.j.i.AbstractJavaProjectConfigurator - Adding resource folder /demo/src/main/resources
2023-07-12 15:22:30,360 [Worker-6: Import Getting Started Content] INFO  o.e.m.j.i.AbstractJavaProjectConfigurator - Adding source folder /demo/src/test/java
2023-07-12 15:22:34,774 [Worker-6: Import Getting Started Content] INFO  o.e.m.c.i.p.ProjectConfigurationManager - Imported and configured 1 project(s) in 12 sec
2023-07-12 15:22:34,784 [Worker-6: Import Getting Started Content] INFO  o.e.m.c.i.p.ProjectConfigurationManager - Update started
2023-07-12 15:22:35,378 [Worker-6: Import Getting Started Content] INFO  o.e.m.c.i.l.LifecycleMappingFactory - Using org.maven.ide.eclipse.wtp.WarLifecycleMapping lifecycle mapping for MavenProject: com.exampleaxsos.helloman:helloman:0.0.1-SNAPSHOT @ C:\Users\rzkrh\Documents\workspace-spring-tool-suite-4-4.16.1.RELEASE\demo\pom.xml.
2023-07-12 15:22:36,241 [Worker-6: Import Getting Started Content] INFO  o.e.m.j.i.AbstractJavaProjectConfigurator - Adding source folder /demo/src/main/java
2023-07-12 15:22:36,241 [Worker-6: Import Getting Started Content] INFO  o.e.m.j.i.AbstractJavaProjectConfigurator - Adding resource folder /demo/src/main/resources
2023-07-12 15:22:36,242 [Worker-6: Import Getting Started Content] INFO  o.e.m.j.i.AbstractJavaProjectConfigurator - Adding resource folder /demo/src/main/resources
2023-07-12 15:22:36,243 [Worker-6: Import Getting Started Content] INFO  o.e.m.j.i.AbstractJavaProjectConfigurator - Adding source folder /demo/src/test/java
2023-07-12 15:22:37,026 [Worker-6: Import Getting Started Content] INFO  o.e.m.w.i.f.ResourceFilteringBuildParticipant - Cleaning filtered folder for demo
2023-07-12 15:22:37,032 [Worker-6: Import Getting Started Content] INFO  o.e.m.c.i.p.ProjectConfigurationManager - Update completed: 2 sec
2023-07-12 15:22:37,650 [Worker-10: Building] INFO  o.a.m.s.f.DefaultMavenResourcesFiltering - Copying 1 resource from src\main\resources to target\classes
2023-07-12 15:22:37,675 [Worker-10: Building] INFO  o.a.m.s.f.DefaultMavenResourcesFiltering - Copying 0 resource from src\main\resources to target\classes
2023-07-12 15:22:37,682 [Worker-10: Building] INFO  o.a.m.s.f.DefaultMavenResourcesFiltering - skip non existing resourceDirectory C:\Users\rzkrh\Documents\workspace-spring-tool-suite-4-4.16.1.RELEASE\demo\src\test\resources
2023-07-12 15:22:37,683 [Worker-10: Building] INFO  o.e.m.w.i.f.ResourceFilteringBuildParticipant - Changed resources require a complete clean of filtered resources of demo
2023-07-12 15:22:37,684 [Worker-10: Building] INFO  o.e.m.w.i.f.ResourceFilteringBuildParticipant - Executing resource filtering for demo
2023-07-12 15:23:52,952 [Worker-14: Import Getting Started Content] INFO  o.e.m.c.i.l.LifecycleMappingFactory - Using org.maven.ide.eclipse.wtp.WarLifecycleMapping lifecycle mapping for MavenProject: com.exampleaxsos.helloman:helloman:0.0.1-SNAPSHOT @ C:\Users\rzkrh\Documents\workspace-spring-tool-suite-4-4.16.1.RELEASE\helloman\pom.xml.
2023-07-12 15:23:53,721 [Worker-14: Import Getting Started Content] INFO  o.e.m.j.i.AbstractJavaProjectConfigurator - Adding source folder /helloman/src/main/java
2023-07-12 15:23:53,722 [Worker-14: Import Getting Started Content] INFO  o.e.m.j.i.AbstractJavaProjectConfigurator - Adding resource folder /helloman/src/main/resources
2023-07-12 15:23:53,735 [Worker-14: Import Getting Started Content] INFO  o.e.m.j.i.AbstractJavaProjectConfigurator - Adding resource folder /helloman/src/main/resources
2023-07-12 15:23:53,739 [Worker-14: Import Getting Started Content] INFO  o.e.m.j.i.AbstractJavaProjectConfigurator - Adding source folder /helloman/src/test/java
2023-07-12 15:23:54,768 [Worker-14: Import Getting Started Content] INFO  o.e.m.c.i.p.ProjectConfigurationManager - Imported and configured 1 project(s) in 2 sec
2023-07-12 15:23:54,772 [Worker-14: Import Getting Started Content] INFO  o.e.m.c.i.p.ProjectConfigurationManager - Update started
2023-07-12 15:23:55,325 [Worker-14: Import Getting Started Content] INFO  o.e.m.c.i.l.LifecycleMappingFactory - Using org.maven.ide.eclipse.wtp.WarLifecycleMapping lifecycle mapping for MavenProject: com.exampleaxsos.helloman:helloman:0.0.1-SNAPSHOT @ C:\Users\rzkrh\Documents\workspace-spring-tool-suite-4-4.16.1.RELEASE\helloman\pom.xml.
2023-07-12 15:23:56,490 [Worker-14: Import Getting Started Content] INFO  o.e.m.j.i.AbstractJavaProjectConfigurator - Adding source folder /helloman/src/main/java
2023-07-12 15:23:56,491 [Worker-14: Import Getting Started Content] INFO  o.e.m.j.i.AbstractJavaProjectConfigurator - Adding resource folder /helloman/src/main/resources
2023-07-12 15:23:56,491 [Worker-14: Import Getting Started Content] INFO  o.e.m.j.i.AbstractJavaProjectConfigurator - Adding resource folder /helloman/src/main/resources
2023-07-12 15:23:56,492 [Worker-14: Import Getting Started Content] INFO  o.e.m.j.i.AbstractJavaProjectConfigurator - Adding source folder /helloman/src/test/java
2023-07-12 15:23:57,054 [Worker-14: Import Getting Started Content] INFO  o.e.m.w.i.f.ResourceFilteringBuildParticipant - Cleaning filtered folder for helloman
2023-07-12 15:23:57,061 [Worker-14: Import Getting Started Content] INFO  o.e.m.c.i.p.ProjectConfigurationManager - Update completed: 2 sec
2023-07-12 15:23:57,387 [Worker-14: Building] INFO  o.a.m.s.f.DefaultMavenResourcesFiltering - Copying 1 resource from src\main\resources to target\classes
2023-07-12 15:23:57,418 [Worker-14: Building] INFO  o.a.m.s.f.DefaultMavenResourcesFiltering - Copying 0 resource from src\main\resources to target\classes
2023-07-12 15:23:57,426 [Worker-14: Building] INFO  o.a.m.s.f.DefaultMavenResourcesFiltering - skip non existing resourceDirectory C:\Users\rzkrh\Documents\workspace-spring-tool-suite-4-4.16.1.RELEASE\helloman\src\test\resources
2023-07-12 15:23:57,427 [Worker-14: Building] INFO  o.e.m.w.i.f.ResourceFilteringBuildParticipant - Changed resources require a complete clean of filtered resources of helloman
2023-07-12 15:23:57,428 [Worker-14: Building] INFO  o.e.m.w.i.f.ResourceFilteringBuildParticipant - Executing resource filtering for helloman
2023-07-12 15:39:23,808 [Worker-10: Building] INFO  o.a.m.s.f.DefaultMavenResourcesFiltering - Copying 1 resource from src\main\resources to target\classes
2023-07-12 15:39:23,827 [Worker-10: Building] INFO  o.a.m.s.f.DefaultMavenResourcesFiltering - Copying 0 resource from src\main\resources to target\classes
2023-07-12 15:39:23,836 [Worker-10: Building] INFO  o.a.m.s.f.DefaultMavenResourcesFiltering - skip non existing resourceDirectory C:\Users\rzkrh\Documents\workspace-spring-tool-suite-4-4.16.1.RELEASE\helloman\src\test\resources
2023-07-12 15:43:48,912 [Worker-20: Launching helloman - HellomanApplication] INFO  o.a.m.s.f.DefaultMavenResourcesFiltering - Copying 1 resource from src\main\resources to target\classes
2023-07-12 15:43:48,918 [Worker-20: Launching helloman - HellomanApplication] INFO  o.a.m.s.f.DefaultMavenResourcesFiltering - Copying 0 resource from src\main\resources to target\classes
2023-07-12 15:43:48,921 [Worker-20: Launching helloman - HellomanApplication] INFO  o.a.m.s.f.DefaultMavenResourcesFiltering - skip non existing resourceDirectory C:\Users\rzkrh\Documents\workspace-spring-tool-suite-4-4.16.1.RELEASE\helloman\src\test\resources
2023-07-12 15:52:34,340 [Worker-29: Launching helloman - HellomanApplication] INFO  o.a.m.s.f.DefaultMavenResourcesFiltering - Copying 1 resource from src\main\resources to target\classes
2023-07-12 15:52:34,356 [Worker-29: Launching helloman - HellomanApplication] INFO  o.a.m.s.f.DefaultMavenResourcesFiltering - Copying 0 resource from src\main\resources to target\classes
2023-07-12 15:52:34,363 [Worker-29: Launching helloman - HellomanApplication] INFO  o.a.m.s.f.DefaultMavenResourcesFiltering - skip non existing resourceDirectory C:\Users\rzkrh\Documents\workspace-spring-tool-suite-4-4.16.1.RELEASE\helloman\src\test\resources
2023-07-12 15:57:58,810 [Worker-34: Launching helloman - HellomanApplication] INFO  o.a.m.s.f.DefaultMavenResourcesFiltering - Copying 1 resource from src\main\resources to target\classes
2023-07-12 15:57:58,824 [Worker-34: Launching helloman - HellomanApplication] INFO  o.a.m.s.f.DefaultMavenResourcesFiltering - Copying 0 resource from src\main\resources to target\classes
2023-07-12 15:57:58,831 [Worker-34: Launching helloman - HellomanApplication] INFO  o.a.m.s.f.DefaultMavenResourcesFiltering - skip non existing resourceDirectory C:\Users\rzkrh\Documents\workspace-spring-tool-suite-4-4.16.1.RELEASE\helloman\src\test\resources
2023-07-12 15:58:23,461 [Worker-35: Launching helloman - HellomanApplication] INFO  o.a.m.s.f.DefaultMavenResourcesFiltering - Copying 1 resource from src\main\resources to target\classes
2023-07-12 15:58:23,475 [Worker-35: Launching helloman - HellomanApplication] INFO  o.a.m.s.f.DefaultMavenResourcesFiltering - Copying 0 resource from src\main\resources to target\classes
2023-07-12 15:58:23,481 [Worker-35: Launching helloman - HellomanApplication] INFO  o.a.m.s.f.DefaultMavenResourcesFiltering - skip non existing resourceDirectory C:\Users\rzkrh\Documents\workspace-spring-tool-suite-4-4.16.1.RELEASE\helloman\src\test\resources
2023-07-12 16:00:30,939 [Worker-10: Building] INFO  o.a.m.s.f.DefaultMavenResourcesFiltering - Copying 1 resource from src\main\resources to target\classes
2023-07-12 16:00:30,957 [Worker-10: Building] INFO  o.a.m.s.f.DefaultMavenResourcesFiltering - Copying 0 resource from src\main\resources to target\classes
2023-07-12 16:00:30,963 [Worker-10: Building] INFO  o.a.m.s.f.DefaultMavenResourcesFiltering - skip non existing resourceDirectory C:\Users\rzkrh\Documents\workspace-spring-tool-suite-4-4.16.1.RELEASE\helloman\src\test\resources
